[debug] [2024-09-04T11:45:48.656Z] ----------------------------------------------------------------------
[debug] [2024-09-04T11:45:48.657Z] Command:       C:\Program Files\nodejs\node.exe C:\Users\USER\AppData\Roaming\npm\node_modules\firebase-tools\lib\bin\firebase.js deploy
[debug] [2024-09-04T11:45:48.657Z] CLI Version:   13.11.2
[debug] [2024-09-04T11:45:48.658Z] Platform:      win32
[debug] [2024-09-04T11:45:48.658Z] Node Version:  v20.14.0
[debug] [2024-09-04T11:45:48.658Z] Time:          Wed Sep 04 2024 14:45:48 GMT+0300 (التوقيت العربي الرسمي)
[debug] [2024-09-04T11:45:48.658Z] ----------------------------------------------------------------------
[debug] 
[debug] [2024-09-04T11:45:48.660Z] >>> [apiv2][query] GET https://firebase-public.firebaseio.com/cli.json [none]
[debug] [2024-09-04T11:45:48.736Z] > command requires scopes: ["email","openid","https://www.googleapis.com/auth/cloudplatformprojects.readonly","https://www.googleapis.com/auth/firebase","https://www.googleapis.com/auth/cloud-platform"]
[debug] [2024-09-04T11:45:48.737Z] > authorizing via signed-in user (haninalmolaiky4@gmail.com)
[debug] [2024-09-04T11:45:48.739Z] [iam] checking project abdulllah-portfolio for permissions ["firebase.projects.get","firebasehosting.sites.update"]
[debug] [2024-09-04T11:45:48.740Z] > refreshing access token with scopes: []
[debug] [2024-09-04T11:45:48.741Z] >>> [apiv2][query] POST https://www.googleapis.com/oauth2/v3/token [none]
[debug] [2024-09-04T11:45:48.741Z] >>> [apiv2][body] POST https://www.googleapis.com/oauth2/v3/token [omitted]
[debug] [2024-09-04T11:45:49.211Z] <<< [apiv2][status] POST https://www.googleapis.com/oauth2/v3/token 200
[debug] [2024-09-04T11:45:49.212Z] <<< [apiv2][body] POST https://www.googleapis.com/oauth2/v3/token [omitted]
[debug] [2024-09-04T11:45:49.218Z] >>> [apiv2][query] POST https://cloudresourcemanager.googleapis.com/v1/projects/abdulllah-portfolio:testIamPermissions [none]
[debug] [2024-09-04T11:45:49.218Z] >>> [apiv2][(partial)header] POST https://cloudresourcemanager.googleapis.com/v1/projects/abdulllah-portfolio:testIamPermissions x-goog-quota-user=projects/abdulllah-portfolio
[debug] [2024-09-04T11:45:49.218Z] >>> [apiv2][body] POST https://cloudresourcemanager.googleapis.com/v1/projects/abdulllah-portfolio:testIamPermissions {"permissions":["firebase.projects.get","firebasehosting.sites.update"]}
[debug] [2024-09-04T11:45:49.433Z] <<< [apiv2][status] GET https://firebase-public.firebaseio.com/cli.json 200
[debug] [2024-09-04T11:45:49.433Z] <<< [apiv2][body] GET https://firebase-public.firebaseio.com/cli.json {"cloudBuildErrorAfter":1594252800000,"cloudBuildWarnAfter":1590019200000,"defaultNode10After":1594252800000,"minVersion":"3.0.5","node8DeploysDisabledAfter":1613390400000,"node8RuntimeDisabledAfter":1615809600000,"node8WarnAfter":1600128000000}
[debug] [2024-09-04T11:45:50.547Z] <<< [apiv2][status] POST https://cloudresourcemanager.googleapis.com/v1/projects/abdulllah-portfolio:testIamPermissions 200
[debug] [2024-09-04T11:45:50.547Z] <<< [apiv2][body] POST https://cloudresourcemanager.googleapis.com/v1/projects/abdulllah-portfolio:testIamPermissions {"permissions":["firebase.projects.get","firebasehosting.sites.update"]}
[debug] [2024-09-04T11:45:50.548Z] >>> [apiv2][query] GET https://firebase.googleapis.com/v1beta1/projects/abdulllah-portfolio [none]
[debug] [2024-09-04T11:45:51.277Z] <<< [apiv2][status] GET https://firebase.googleapis.com/v1beta1/projects/abdulllah-portfolio 200
[debug] [2024-09-04T11:45:51.277Z] <<< [apiv2][body] GET https://firebase.googleapis.com/v1beta1/projects/abdulllah-portfolio {"projectId":"abdulllah-portfolio","projectNumber":"502737275991","displayName":"abdulllah-portfolio","name":"projects/abdulllah-portfolio","resources":{"hostingSite":"abdulllah-portfolio"},"state":"ACTIVE","etag":"1_839ede41-88d9-4386-96e1-5e026af7f9b5"}
[info] 
   Thank you for trying our early preview of Next.js support on Firebase Hosting.
   During the preview, support is best-effort and breaking changes can be expected. Proceed with caution.
   The integration is known to work with Next.js version 12 - 14.0. You may encounter errors.

   Documentation: https://firebase.google.com/docs/hosting/frameworks/nextjs
   File a bug: https://github.com/firebase/firebase-tools/issues/new?template=bug_report.md
   Submit a feature request: https://github.com/firebase/firebase-tools/issues/new?template=feature_request.md

   We'd love to learn from you. Express your interest in helping us shape the future of Firebase Hosting: https://goo.gle/41enW5X

[debug] [2024-09-04T11:45:56.190Z] >>> [apiv2][query] GET https://firebasehosting.googleapis.com/v1beta1/projects/abdulllah-portfolio/sites/abdulllah-portfolio [none]
[debug] [2024-09-04T11:45:57.553Z] <<< [apiv2][status] GET https://firebasehosting.googleapis.com/v1beta1/projects/abdulllah-portfolio/sites/abdulllah-portfolio 200
[debug] [2024-09-04T11:45:57.553Z] <<< [apiv2][body] GET https://firebasehosting.googleapis.com/v1beta1/projects/abdulllah-portfolio/sites/abdulllah-portfolio {"name":"projects/abdulllah-portfolio/sites/abdulllah-portfolio","defaultUrl":"https://abdulllah-portfolio.web.app","type":"DEFAULT_SITE"}
[info]    ▲ Next.js 14.1.4

[info] 

[info]    Creating an optimized production build ...

[info] error - No Sentry auth token configured. Source maps will not be uploaded.
You can find information on how to generate a Sentry auth token here: https://docs.sentry.io/api/auth/
After generating a Sentry auth token, set it via the SENTRY_AUTH_TOKEN environment variable during the build.


[info] uncaughtException [Error: EPERM: operation not permitted, open 'C:\Users\USER\Desktop\React Prokects\portfolio-main\.next\trace'] {
  errno: -4048,
  code: 'EPERM',
  syscall: 'open',
  path: 'C:\\Users\\USER\\Desktop\\React Prokects\\portfolio-main\\.next\\trace'
}

[debug] [2024-09-04T11:46:06.654Z] Error: ENOENT: no such file or directory, open 'C:\Users\USER\Desktop\React Prokects\portfolio-main\.next\export-marker.json'
[error] 
[error] Error: An unexpected error has occurred.
[debug] [2024-09-04T11:46:27.956Z] ----------------------------------------------------------------------
[debug] [2024-09-04T11:46:27.958Z] Command:       C:\Program Files\nodejs\node.exe C:\Users\USER\AppData\Roaming\npm\node_modules\firebase-tools\lib\bin\firebase.js deploy
[debug] [2024-09-04T11:46:27.959Z] CLI Version:   13.11.2
[debug] [2024-09-04T11:46:27.959Z] Platform:      win32
[debug] [2024-09-04T11:46:27.959Z] Node Version:  v20.14.0
[debug] [2024-09-04T11:46:27.959Z] Time:          Wed Sep 04 2024 14:46:27 GMT+0300 (التوقيت العربي الرسمي)
[debug] [2024-09-04T11:46:27.959Z] ----------------------------------------------------------------------
[debug] 
[debug] [2024-09-04T11:46:28.023Z] > command requires scopes: ["email","openid","https://www.googleapis.com/auth/cloudplatformprojects.readonly","https://www.googleapis.com/auth/firebase","https://www.googleapis.com/auth/cloud-platform"]
[debug] [2024-09-04T11:46:28.024Z] > authorizing via signed-in user (haninalmolaiky4@gmail.com)
[debug] [2024-09-04T11:46:28.024Z] [iam] checking project abdulllah-portfolio for permissions ["firebase.projects.get","firebasehosting.sites.update"]
[debug] [2024-09-04T11:46:28.025Z] >>> [apiv2][query] POST https://cloudresourcemanager.googleapis.com/v1/projects/abdulllah-portfolio:testIamPermissions [none]
[debug] [2024-09-04T11:46:28.025Z] >>> [apiv2][(partial)header] POST https://cloudresourcemanager.googleapis.com/v1/projects/abdulllah-portfolio:testIamPermissions x-goog-quota-user=projects/abdulllah-portfolio
[debug] [2024-09-04T11:46:28.025Z] >>> [apiv2][body] POST https://cloudresourcemanager.googleapis.com/v1/projects/abdulllah-portfolio:testIamPermissions {"permissions":["firebase.projects.get","firebasehosting.sites.update"]}
[debug] [2024-09-04T11:46:29.278Z] <<< [apiv2][status] POST https://cloudresourcemanager.googleapis.com/v1/projects/abdulllah-portfolio:testIamPermissions 200
[debug] [2024-09-04T11:46:29.278Z] <<< [apiv2][body] POST https://cloudresourcemanager.googleapis.com/v1/projects/abdulllah-portfolio:testIamPermissions {"permissions":["firebase.projects.get","firebasehosting.sites.update"]}
[debug] [2024-09-04T11:46:29.278Z] >>> [apiv2][query] GET https://firebase.googleapis.com/v1beta1/projects/abdulllah-portfolio [none]
[debug] [2024-09-04T11:46:29.990Z] <<< [apiv2][status] GET https://firebase.googleapis.com/v1beta1/projects/abdulllah-portfolio 200
[debug] [2024-09-04T11:46:29.990Z] <<< [apiv2][body] GET https://firebase.googleapis.com/v1beta1/projects/abdulllah-portfolio {"projectId":"abdulllah-portfolio","projectNumber":"502737275991","displayName":"abdulllah-portfolio","name":"projects/abdulllah-portfolio","resources":{"hostingSite":"abdulllah-portfolio"},"state":"ACTIVE","etag":"1_839ede41-88d9-4386-96e1-5e026af7f9b5"}
[info] 
   Thank you for trying our early preview of Next.js support on Firebase Hosting.
   During the preview, support is best-effort and breaking changes can be expected. Proceed with caution.
   The integration is known to work with Next.js version 12 - 14.0. You may encounter errors.

   Documentation: https://firebase.google.com/docs/hosting/frameworks/nextjs
   File a bug: https://github.com/firebase/firebase-tools/issues/new?template=bug_report.md
   Submit a feature request: https://github.com/firebase/firebase-tools/issues/new?template=feature_request.md

   We'd love to learn from you. Express your interest in helping us shape the future of Firebase Hosting: https://goo.gle/41enW5X

[debug] [2024-09-04T11:46:34.929Z] >>> [apiv2][query] GET https://firebasehosting.googleapis.com/v1beta1/projects/abdulllah-portfolio/sites/abdulllah-portfolio [none]
[debug] [2024-09-04T11:46:36.175Z] <<< [apiv2][status] GET https://firebasehosting.googleapis.com/v1beta1/projects/abdulllah-portfolio/sites/abdulllah-portfolio 200
[debug] [2024-09-04T11:46:36.175Z] <<< [apiv2][body] GET https://firebasehosting.googleapis.com/v1beta1/projects/abdulllah-portfolio/sites/abdulllah-portfolio {"name":"projects/abdulllah-portfolio/sites/abdulllah-portfolio","defaultUrl":"https://abdulllah-portfolio.web.app","type":"DEFAULT_SITE"}
[info]    ▲ Next.js 14.1.4

[info] 

